<?xml version="1.0" encoding="UTF-8"?>
<testsuite xmlns:xsi="http://www.w3.org/2001/XMLSchema-instance" xsi:noNamespaceSchemaLocation="https://maven.apache.org/surefire/maven-surefire-plugin/xsd/surefire-test-report-3.0.xsd" version="3.0" name="AcLoadFlowBatteryTest" time="0.153" tests="2" errors="0" skipped="0" failures="0">
  <properties>
    <property name="java.specification.version" value="22"/>
    <property name="sun.cpu.isalist" value="amd64"/>
    <property name="sun.jnu.encoding" value="Cp1252"/>
    <property name="java.class.path" value="C:\Users\jarchambault\Documents\GitHub\powsybl-open-loadflow-knitro-solver\target\test-classes;C:\Users\jarchambault\Documents\GitHub\powsybl-open-loadflow-knitro-solver\target\classes;C:\Users\jarchambault\.m2\repository\com\powsybl\powsybl-open-loadflow\1.14.0-SNAPSHOT-knitro-extension\powsybl-open-loadflow-1.14.0-SNAPSHOT-knitro-extension.jar;C:\Users\jarchambault\.m2\repository\com\powsybl\powsybl-iidm-api\6.5.1\powsybl-iidm-api-6.5.1.jar;C:\Users\jarchambault\.m2\repository\org\apache\commons\commons-math3\3.6.1\commons-math3-3.6.1.jar;C:\Users\jarchambault\.m2\repository\com\powsybl\powsybl-computation-local\6.5.1\powsybl-computation-local-6.5.1.jar;C:\Users\jarchambault\.m2\repository\com\powsybl\powsybl-tools\6.5.1\powsybl-tools-6.5.1.jar;C:\Users\jarchambault\.m2\repository\org\antlr\ST4\4.3.4\ST4-4.3.4.jar;C:\Users\jarchambault\.m2\repository\org\antlr\antlr-runtime\3.5.3\antlr-runtime-3.5.3.jar;C:\Users\jarchambault\.m2\repository\com\powsybl\powsybl-iidm-extensions\6.5.1\powsybl-iidm-extensions-6.5.1.jar;C:\Users\jarchambault\.m2\repository\com\powsybl\powsybl-loadflow-api\6.5.1\powsybl-loadflow-api-6.5.1.jar;C:\Users\jarchambault\.m2\repository\com\fasterxml\jackson\core\jackson-databind\2.17.1\jackson-databind-2.17.1.jar;C:\Users\jarchambault\.m2\repository\com\fasterxml\jackson\core\jackson-annotations\2.17.1\jackson-annotations-2.17.1.jar;C:\Users\jarchambault\.m2\repository\com\fasterxml\jackson\core\jackson-core\2.17.1\jackson-core-2.17.1.jar;C:\Users\jarchambault\.m2\repository\com\powsybl\powsybl-computation\6.5.1\powsybl-computation-6.5.1.jar;C:\Users\jarchambault\.m2\repository\com\powsybl\powsybl-loadflow-results-completion\6.5.1\powsybl-loadflow-results-completion-6.5.1.jar;C:\Users\jarchambault\.m2\repository\com\powsybl\powsybl-loadflow-validation\6.5.1\powsybl-loadflow-validation-6.5.1.jar;C:\Users\jarchambault\.m2\repository\com\powsybl\powsybl-math\6.5.1\powsybl-math-6.5.1.jar;C:\Users\jarchambault\.m2\repository\gov\nist\math\jama\1.0.3\jama-1.0.3.jar;C:\Users\jarchambault\.m2\repository\us\hebi\matlab\mat\mfl-core\0.5.15\mfl-core-0.5.15.jar;C:\Users\jarchambault\.m2\repository\us\hebi\matlab\mat\mfl-ejml\0.5.15\mfl-ejml-0.5.15.jar;C:\Users\jarchambault\.m2\repository\org\ejml\ejml-core\0.43.1\ejml-core-0.43.1.jar;C:\Users\jarchambault\.m2\repository\org\scijava\native-lib-loader\2.5.0\native-lib-loader-2.5.0.jar;C:\Users\jarchambault\.m2\repository\com\powsybl\powsybl-math-native\1.4.0\powsybl-math-native-1.4.0.jar;C:\Users\jarchambault\.m2\repository\com\powsybl\powsybl-security-analysis-api\6.5.1\powsybl-security-analysis-api-6.5.1.jar;C:\Users\jarchambault\.m2\repository\com\powsybl\powsybl-action-api\6.5.1\powsybl-action-api-6.5.1.jar;C:\Users\jarchambault\.m2\repository\com\powsybl\powsybl-iidm-modification\6.5.1\powsybl-iidm-modification-6.5.1.jar;C:\Users\jarchambault\.m2\repository\com\powsybl\powsybl-contingency-api\6.5.1\powsybl-contingency-api-6.5.1.jar;C:\Users\jarchambault\.m2\repository\com\powsybl\powsybl-iidm-criteria\6.5.1\powsybl-iidm-criteria-6.5.1.jar;C:\Users\jarchambault\.m2\repository\com\powsybl\powsybl-iidm-serde\6.5.1\powsybl-iidm-serde-6.5.1.jar;C:\Users\jarchambault\.m2\repository\com\powsybl\powsybl-sensitivity-analysis-api\6.5.1\powsybl-sensitivity-analysis-api-6.5.1.jar;C:\Users\jarchambault\.m2\repository\com\powsybl\powsybl-commons\6.5.1\powsybl-commons-6.5.1.jar;C:\Users\jarchambault\.m2\repository\com\github\luben\zstd-jni\1.5.6-3\zstd-jni-1.5.6-3.jar;C:\Users\jarchambault\.m2\repository\com\google\auto\service\auto-service\1.1.1\auto-service-1.1.1.jar;C:\Users\jarchambault\.m2\repository\com\google\auto\service\auto-service-annotations\1.1.1\auto-service-annotations-1.1.1.jar;C:\Users\jarchambault\.m2\repository\com\google\auto\auto-common\1.2.1\auto-common-1.2.1.jar;C:\Users\jarchambault\.m2\repository\com\univocity\univocity-parsers\2.9.0\univocity-parsers-2.9.0.jar;C:\Users\jarchambault\.m2\repository\commons-cli\commons-cli\1.8.0\commons-cli-1.8.0.jar;C:\Users\jarchambault\.m2\repository\commons-io\commons-io\2.16.1\commons-io-2.16.1.jar;C:\Users\jarchambault\.m2\repository\net\java\dev\stax-utils\stax-utils\20070216\stax-utils-20070216.jar;C:\Users\jarchambault\.m2\repository\net\sf\trove4j\trove4j\3.0.3\trove4j-3.0.3.jar;C:\Users\jarchambault\.m2\repository\org\apache\commons\commons-compress\1.26.2\commons-compress-1.26.2.jar;C:\Users\jarchambault\.m2\repository\commons-codec\commons-codec\1.17.0\commons-codec-1.17.0.jar;C:\Users\jarchambault\.m2\repository\org\apache\commons\commons-lang3\3.14.0\commons-lang3-3.14.0.jar;C:\Users\jarchambault\.m2\repository\org\apache\commons\commons-text\1.12.0\commons-text-1.12.0.jar;C:\Users\jarchambault\.m2\repository\org\ow2\sirocco\sirocco-text-table-formatter\1.0\sirocco-text-table-formatter-1.0.jar;C:\Users\jarchambault\.m2\repository\org\tukaani\xz\1.9\xz-1.9.jar;C:\Users\jarchambault\.m2\repository\org\yaml\snakeyaml\2.2\snakeyaml-2.2.jar;C:\Users\jarchambault\.m2\repository\com\powsybl\powsybl-open-loadflow\1.14.0-SNAPSHOT-knitro-extension\powsybl-open-loadflow-1.14.0-SNAPSHOT-knitro-extension-tests.jar;C:\Users\jarchambault\.m2\repository\de\vandermeer\asciitable\0.3.2\asciitable-0.3.2.jar;C:\Users\jarchambault\.m2\repository\de\vandermeer\ascii-utf-themes\0.0.1\ascii-utf-themes-0.0.1.jar;C:\Users\jarchambault\.m2\repository\de\vandermeer\skb-interfaces\0.0.1\skb-interfaces-0.0.1.jar;C:\Users\jarchambault\.m2\repository\org\antlr\antlr4\4.5.1\antlr4-4.5.1.jar;C:\Users\jarchambault\.m2\repository\de\vandermeer\char-translation\0.0.2\char-translation-0.0.2.jar;C:\Users\jarchambault\.m2\repository\net\jafama\jafama\2.3.2\jafama-2.3.2.jar;C:\Users\jarchambault\.m2\repository\org\jgrapht\jgrapht-core\1.5.2\jgrapht-core-1.5.2.jar;C:\Users\jarchambault\.m2\repository\org\jheaps\jheaps\0.14\jheaps-0.14.jar;C:\Users\jarchambault\.m2\repository\org\apfloat\apfloat\1.10.1\apfloat-1.10.1.jar;C:\Users\jarchambault\.m2\repository\org\usefultoys\slf4j-toys\1.6.3\slf4j-toys-1.6.3.jar;C:\Users\jarchambault\.m2\repository\org\slf4j\slf4j-api\2.0.13\slf4j-api-2.0.13.jar;C:\Users\jarchambault\.m2\repository\org\anarres\graphviz\graphviz-builder\1.0.12\graphviz-builder-1.0.12.jar;C:\Users\jarchambault\.m2\repository\com\google\code\findbugs\annotations\3.0.1\annotations-3.0.1.jar;C:\Users\jarchambault\.m2\repository\net\jcip\jcip-annotations\1.0\jcip-annotations-1.0.jar;C:\Users\jarchambault\.m2\repository\com\google\code\findbugs\jsr305\3.0.2\jsr305-3.0.2.jar;C:\Users\jarchambault\.m2\repository\com\google\guava\guava\33.2.1-jre\guava-33.2.1-jre.jar;C:\Users\jarchambault\.m2\repository\com\google\guava\failureaccess\1.0.2\failureaccess-1.0.2.jar;C:\Users\jarchambault\.m2\repository\com\google\guava\listenablefuture\9999.0-empty-to-avoid-conflict-with-guava\listenablefuture-9999.0-empty-to-avoid-conflict-with-guava.jar;C:\Users\jarchambault\.m2\repository\org\checkerframework\checker-qual\3.42.0\checker-qual-3.42.0.jar;C:\Users\jarchambault\.m2\repository\com\google\errorprone\error_prone_annotations\2.26.1\error_prone_annotations-2.26.1.jar;C:\Users\jarchambault\.m2\repository\com\google\j2objc\j2objc-annotations\3.0.0\j2objc-annotations-3.0.0.jar;C:\Users\jarchambault\.m2\repository\org\junit\jupiter\junit-jupiter\5.10.2\junit-jupiter-5.10.2.jar;C:\Users\jarchambault\.m2\repository\org\junit\jupiter\junit-jupiter-api\5.10.2\junit-jupiter-api-5.10.2.jar;C:\Users\jarchambault\.m2\repository\org\opentest4j\opentest4j\1.3.0\opentest4j-1.3.0.jar;C:\Users\jarchambault\.m2\repository\org\junit\platform\junit-platform-commons\1.10.2\junit-platform-commons-1.10.2.jar;C:\Users\jarchambault\.m2\repository\org\apiguardian\apiguardian-api\1.1.2\apiguardian-api-1.1.2.jar;C:\Users\jarchambault\.m2\repository\org\junit\jupiter\junit-jupiter-params\5.10.2\junit-jupiter-params-5.10.2.jar;C:\Users\jarchambault\.m2\repository\org\junit\jupiter\junit-jupiter-engine\5.10.2\junit-jupiter-engine-5.10.2.jar;C:\Users\jarchambault\.m2\repository\org\junit\platform\junit-platform-engine\1.10.2\junit-platform-engine-1.10.2.jar;C:\Users\jarchambault\.m2\repository\com\powsybl\powsybl-iidm-impl\6.5.1\powsybl-iidm-impl-6.5.1.jar;C:\Users\jarchambault\.m2\repository\com\powsybl\powsybl-iidm-test\6.5.1\powsybl-iidm-test-6.5.1.jar;C:\Users\jarchambault\.m2\repository\org\apache\commons\commons-configuration2\2.10.1\commons-configuration2-2.10.1.jar;C:\Users\jarchambault\.m2\repository\commons-logging\commons-logging\1.3.0\commons-logging-1.3.0.jar;C:\Users\jarchambault\.m2\repository\com\powsybl\powsybl-ieee-cdf-converter\6.5.1\powsybl-ieee-cdf-converter-6.5.1.jar;C:\Users\jarchambault\.m2\repository\com\powsybl\powsybl-ieee-cdf-model\6.5.1\powsybl-ieee-cdf-model-6.5.1.jar;C:\Users\jarchambault\Documents\GitHub\powsybl-open-loadflow-knitro-solver\..\libs\Knitro-Interfaces-2.5-KN_14.0.0.jar;C:\Users\jarchambault\Documents\GitHub\powsybl-open-loadflow-knitro-solver\..\libs\bridj-0.7.0.jar;"/>
    <property name="java.vm.vendor" value="Oracle Corporation"/>
    <property name="sun.arch.data.model" value="64"/>
    <property name="user.variant" value=""/>
    <property name="java.vendor.url" value="https://java.oracle.com/"/>
    <property name="user.timezone" value="Europe/Paris"/>
    <property name="os.name" value="Windows 11"/>
    <property name="java.vm.specification.version" value="22"/>
    <property name="sun.java.launcher" value="SUN_STANDARD"/>
    <property name="user.country" value="FR"/>
    <property name="sun.boot.library.path" value="C:\Users\jarchambault\.jdks\openjdk-22.0.1\bin"/>
    <property name="sun.java.command" value="C:\Users\jarchambault\AppData\Local\Temp\surefire8093794509607215858\surefirebooter-20241121130220312_3.jar C:\Users\jarchambault\AppData\Local\Temp\surefire8093794509607215858 2024-11-21T13-02-20_119-jvmRun1 surefire-20241121130220312_1tmp surefire_0-20241121130220312_2tmp"/>
    <property name="jdk.debug" value="release"/>
    <property name="surefire.test.class.path" value="C:\Users\jarchambault\Documents\GitHub\powsybl-open-loadflow-knitro-solver\target\test-classes;C:\Users\jarchambault\Documents\GitHub\powsybl-open-loadflow-knitro-solver\target\classes;C:\Users\jarchambault\.m2\repository\com\powsybl\powsybl-open-loadflow\1.14.0-SNAPSHOT-knitro-extension\powsybl-open-loadflow-1.14.0-SNAPSHOT-knitro-extension.jar;C:\Users\jarchambault\.m2\repository\com\powsybl\powsybl-iidm-api\6.5.1\powsybl-iidm-api-6.5.1.jar;C:\Users\jarchambault\.m2\repository\org\apache\commons\commons-math3\3.6.1\commons-math3-3.6.1.jar;C:\Users\jarchambault\.m2\repository\com\powsybl\powsybl-computation-local\6.5.1\powsybl-computation-local-6.5.1.jar;C:\Users\jarchambault\.m2\repository\com\powsybl\powsybl-tools\6.5.1\powsybl-tools-6.5.1.jar;C:\Users\jarchambault\.m2\repository\org\antlr\ST4\4.3.4\ST4-4.3.4.jar;C:\Users\jarchambault\.m2\repository\org\antlr\antlr-runtime\3.5.3\antlr-runtime-3.5.3.jar;C:\Users\jarchambault\.m2\repository\com\powsybl\powsybl-iidm-extensions\6.5.1\powsybl-iidm-extensions-6.5.1.jar;C:\Users\jarchambault\.m2\repository\com\powsybl\powsybl-loadflow-api\6.5.1\powsybl-loadflow-api-6.5.1.jar;C:\Users\jarchambault\.m2\repository\com\fasterxml\jackson\core\jackson-databind\2.17.1\jackson-databind-2.17.1.jar;C:\Users\jarchambault\.m2\repository\com\fasterxml\jackson\core\jackson-annotations\2.17.1\jackson-annotations-2.17.1.jar;C:\Users\jarchambault\.m2\repository\com\fasterxml\jackson\core\jackson-core\2.17.1\jackson-core-2.17.1.jar;C:\Users\jarchambault\.m2\repository\com\powsybl\powsybl-computation\6.5.1\powsybl-computation-6.5.1.jar;C:\Users\jarchambault\.m2\repository\com\powsybl\powsybl-loadflow-results-completion\6.5.1\powsybl-loadflow-results-completion-6.5.1.jar;C:\Users\jarchambault\.m2\repository\com\powsybl\powsybl-loadflow-validation\6.5.1\powsybl-loadflow-validation-6.5.1.jar;C:\Users\jarchambault\.m2\repository\com\powsybl\powsybl-math\6.5.1\powsybl-math-6.5.1.jar;C:\Users\jarchambault\.m2\repository\gov\nist\math\jama\1.0.3\jama-1.0.3.jar;C:\Users\jarchambault\.m2\repository\us\hebi\matlab\mat\mfl-core\0.5.15\mfl-core-0.5.15.jar;C:\Users\jarchambault\.m2\repository\us\hebi\matlab\mat\mfl-ejml\0.5.15\mfl-ejml-0.5.15.jar;C:\Users\jarchambault\.m2\repository\org\ejml\ejml-core\0.43.1\ejml-core-0.43.1.jar;C:\Users\jarchambault\.m2\repository\org\scijava\native-lib-loader\2.5.0\native-lib-loader-2.5.0.jar;C:\Users\jarchambault\.m2\repository\com\powsybl\powsybl-math-native\1.4.0\powsybl-math-native-1.4.0.jar;C:\Users\jarchambault\.m2\repository\com\powsybl\powsybl-security-analysis-api\6.5.1\powsybl-security-analysis-api-6.5.1.jar;C:\Users\jarchambault\.m2\repository\com\powsybl\powsybl-action-api\6.5.1\powsybl-action-api-6.5.1.jar;C:\Users\jarchambault\.m2\repository\com\powsybl\powsybl-iidm-modification\6.5.1\powsybl-iidm-modification-6.5.1.jar;C:\Users\jarchambault\.m2\repository\com\powsybl\powsybl-contingency-api\6.5.1\powsybl-contingency-api-6.5.1.jar;C:\Users\jarchambault\.m2\repository\com\powsybl\powsybl-iidm-criteria\6.5.1\powsybl-iidm-criteria-6.5.1.jar;C:\Users\jarchambault\.m2\repository\com\powsybl\powsybl-iidm-serde\6.5.1\powsybl-iidm-serde-6.5.1.jar;C:\Users\jarchambault\.m2\repository\com\powsybl\powsybl-sensitivity-analysis-api\6.5.1\powsybl-sensitivity-analysis-api-6.5.1.jar;C:\Users\jarchambault\.m2\repository\com\powsybl\powsybl-commons\6.5.1\powsybl-commons-6.5.1.jar;C:\Users\jarchambault\.m2\repository\com\github\luben\zstd-jni\1.5.6-3\zstd-jni-1.5.6-3.jar;C:\Users\jarchambault\.m2\repository\com\google\auto\service\auto-service\1.1.1\auto-service-1.1.1.jar;C:\Users\jarchambault\.m2\repository\com\google\auto\service\auto-service-annotations\1.1.1\auto-service-annotations-1.1.1.jar;C:\Users\jarchambault\.m2\repository\com\google\auto\auto-common\1.2.1\auto-common-1.2.1.jar;C:\Users\jarchambault\.m2\repository\com\univocity\univocity-parsers\2.9.0\univocity-parsers-2.9.0.jar;C:\Users\jarchambault\.m2\repository\commons-cli\commons-cli\1.8.0\commons-cli-1.8.0.jar;C:\Users\jarchambault\.m2\repository\commons-io\commons-io\2.16.1\commons-io-2.16.1.jar;C:\Users\jarchambault\.m2\repository\net\java\dev\stax-utils\stax-utils\20070216\stax-utils-20070216.jar;C:\Users\jarchambault\.m2\repository\net\sf\trove4j\trove4j\3.0.3\trove4j-3.0.3.jar;C:\Users\jarchambault\.m2\repository\org\apache\commons\commons-compress\1.26.2\commons-compress-1.26.2.jar;C:\Users\jarchambault\.m2\repository\commons-codec\commons-codec\1.17.0\commons-codec-1.17.0.jar;C:\Users\jarchambault\.m2\repository\org\apache\commons\commons-lang3\3.14.0\commons-lang3-3.14.0.jar;C:\Users\jarchambault\.m2\repository\org\apache\commons\commons-text\1.12.0\commons-text-1.12.0.jar;C:\Users\jarchambault\.m2\repository\org\ow2\sirocco\sirocco-text-table-formatter\1.0\sirocco-text-table-formatter-1.0.jar;C:\Users\jarchambault\.m2\repository\org\tukaani\xz\1.9\xz-1.9.jar;C:\Users\jarchambault\.m2\repository\org\yaml\snakeyaml\2.2\snakeyaml-2.2.jar;C:\Users\jarchambault\.m2\repository\com\powsybl\powsybl-open-loadflow\1.14.0-SNAPSHOT-knitro-extension\powsybl-open-loadflow-1.14.0-SNAPSHOT-knitro-extension-tests.jar;C:\Users\jarchambault\.m2\repository\de\vandermeer\asciitable\0.3.2\asciitable-0.3.2.jar;C:\Users\jarchambault\.m2\repository\de\vandermeer\ascii-utf-themes\0.0.1\ascii-utf-themes-0.0.1.jar;C:\Users\jarchambault\.m2\repository\de\vandermeer\skb-interfaces\0.0.1\skb-interfaces-0.0.1.jar;C:\Users\jarchambault\.m2\repository\org\antlr\antlr4\4.5.1\antlr4-4.5.1.jar;C:\Users\jarchambault\.m2\repository\de\vandermeer\char-translation\0.0.2\char-translation-0.0.2.jar;C:\Users\jarchambault\.m2\repository\net\jafama\jafama\2.3.2\jafama-2.3.2.jar;C:\Users\jarchambault\.m2\repository\org\jgrapht\jgrapht-core\1.5.2\jgrapht-core-1.5.2.jar;C:\Users\jarchambault\.m2\repository\org\jheaps\jheaps\0.14\jheaps-0.14.jar;C:\Users\jarchambault\.m2\repository\org\apfloat\apfloat\1.10.1\apfloat-1.10.1.jar;C:\Users\jarchambault\.m2\repository\org\usefultoys\slf4j-toys\1.6.3\slf4j-toys-1.6.3.jar;C:\Users\jarchambault\.m2\repository\org\slf4j\slf4j-api\2.0.13\slf4j-api-2.0.13.jar;C:\Users\jarchambault\.m2\repository\org\anarres\graphviz\graphviz-builder\1.0.12\graphviz-builder-1.0.12.jar;C:\Users\jarchambault\.m2\repository\com\google\code\findbugs\annotations\3.0.1\annotations-3.0.1.jar;C:\Users\jarchambault\.m2\repository\net\jcip\jcip-annotations\1.0\jcip-annotations-1.0.jar;C:\Users\jarchambault\.m2\repository\com\google\code\findbugs\jsr305\3.0.2\jsr305-3.0.2.jar;C:\Users\jarchambault\.m2\repository\com\google\guava\guava\33.2.1-jre\guava-33.2.1-jre.jar;C:\Users\jarchambault\.m2\repository\com\google\guava\failureaccess\1.0.2\failureaccess-1.0.2.jar;C:\Users\jarchambault\.m2\repository\com\google\guava\listenablefuture\9999.0-empty-to-avoid-conflict-with-guava\listenablefuture-9999.0-empty-to-avoid-conflict-with-guava.jar;C:\Users\jarchambault\.m2\repository\org\checkerframework\checker-qual\3.42.0\checker-qual-3.42.0.jar;C:\Users\jarchambault\.m2\repository\com\google\errorprone\error_prone_annotations\2.26.1\error_prone_annotations-2.26.1.jar;C:\Users\jarchambault\.m2\repository\com\google\j2objc\j2objc-annotations\3.0.0\j2objc-annotations-3.0.0.jar;C:\Users\jarchambault\.m2\repository\org\junit\jupiter\junit-jupiter\5.10.2\junit-jupiter-5.10.2.jar;C:\Users\jarchambault\.m2\repository\org\junit\jupiter\junit-jupiter-api\5.10.2\junit-jupiter-api-5.10.2.jar;C:\Users\jarchambault\.m2\repository\org\opentest4j\opentest4j\1.3.0\opentest4j-1.3.0.jar;C:\Users\jarchambault\.m2\repository\org\junit\platform\junit-platform-commons\1.10.2\junit-platform-commons-1.10.2.jar;C:\Users\jarchambault\.m2\repository\org\apiguardian\apiguardian-api\1.1.2\apiguardian-api-1.1.2.jar;C:\Users\jarchambault\.m2\repository\org\junit\jupiter\junit-jupiter-params\5.10.2\junit-jupiter-params-5.10.2.jar;C:\Users\jarchambault\.m2\repository\org\junit\jupiter\junit-jupiter-engine\5.10.2\junit-jupiter-engine-5.10.2.jar;C:\Users\jarchambault\.m2\repository\org\junit\platform\junit-platform-engine\1.10.2\junit-platform-engine-1.10.2.jar;C:\Users\jarchambault\.m2\repository\com\powsybl\powsybl-iidm-impl\6.5.1\powsybl-iidm-impl-6.5.1.jar;C:\Users\jarchambault\.m2\repository\com\powsybl\powsybl-iidm-test\6.5.1\powsybl-iidm-test-6.5.1.jar;C:\Users\jarchambault\.m2\repository\org\apache\commons\commons-configuration2\2.10.1\commons-configuration2-2.10.1.jar;C:\Users\jarchambault\.m2\repository\commons-logging\commons-logging\1.3.0\commons-logging-1.3.0.jar;C:\Users\jarchambault\.m2\repository\com\powsybl\powsybl-ieee-cdf-converter\6.5.1\powsybl-ieee-cdf-converter-6.5.1.jar;C:\Users\jarchambault\.m2\repository\com\powsybl\powsybl-ieee-cdf-model\6.5.1\powsybl-ieee-cdf-model-6.5.1.jar;C:\Users\jarchambault\Documents\GitHub\powsybl-open-loadflow-knitro-solver\..\libs\Knitro-Interfaces-2.5-KN_14.0.0.jar;C:\Users\jarchambault\Documents\GitHub\powsybl-open-loadflow-knitro-solver\..\libs\bridj-0.7.0.jar;"/>
    <property name="sun.cpu.endian" value="little"/>
    <property name="user.home" value="C:\Users\jarchambault"/>
    <property name="user.language" value="fr"/>
    <property name="java.specification.vendor" value="Oracle Corporation"/>
    <property name="java.version.date" value="2024-04-16"/>
    <property name="java.home" value="C:\Users\jarchambault\.jdks\openjdk-22.0.1"/>
    <property name="file.separator" value="\"/>
    <property name="basedir" value="C:\Users\jarchambault\Documents\GitHub\powsybl-open-loadflow-knitro-solver"/>
    <property name="java.vm.compressedOopsMode" value="Zero based"/>
    <property name="line.separator" value="&#10;"/>
    <property name="java.vm.specification.vendor" value="Oracle Corporation"/>
    <property name="java.specification.name" value="Java Platform API Specification"/>
    <property name="surefire.real.class.path" value="C:\Users\jarchambault\AppData\Local\Temp\surefire8093794509607215858\surefirebooter-20241121130220312_3.jar"/>
    <property name="user.script" value=""/>
    <property name="sun.management.compiler" value="HotSpot 64-Bit Tiered Compilers"/>
    <property name="java.runtime.version" value="22.0.1+8-16"/>
    <property name="user.name" value="jarchambault"/>
    <property name="stdout.encoding" value="Cp1252"/>
    <property name="path.separator" value=";"/>
    <property name="os.version" value="10.0"/>
    <property name="java.runtime.name" value="OpenJDK Runtime Environment"/>
    <property name="file.encoding" value="UTF-8"/>
    <property name="java.vm.name" value="OpenJDK 64-Bit Server VM"/>
    <property name="localRepository" value="C:\Users\jarchambault\.m2\repository"/>
    <property name="java.vendor.url.bug" value="https://bugreport.java.com/bugreport/"/>
    <property name="java.io.tmpdir" value="C:\Users\JARCHA~1\AppData\Local\Temp\"/>
    <property name="idea.version" value="2024.1.1"/>
    <property name="java.version" value="22.0.1"/>
    <property name="user.dir" value="C:\Users\jarchambault\Documents\GitHub\powsybl-open-loadflow-knitro-solver"/>
    <property name="os.arch" value="amd64"/>
    <property name="java.vm.specification.name" value="Java Virtual Machine Specification"/>
    <property name="sun.os.patch.level" value=""/>
    <property name="native.encoding" value="Cp1252"/>
    <property name="java.library.path" value="C:\Users\jarchambault\.jdks\openjdk-22.0.1\bin;C:\Windows\Sun\Java\bin;C:\Windows\system32;C:\Windows;C:\Program Files\Artelys\Knitro 14.0.0\knitroampl;C:\Program Files\Artelys\Knitro 14.0.0\lib;C:\Program Files (x86)\Common Files\Oracle\Java\java8path;C:\Program Files (x86)\Common Files\Oracle\Java\javapath;C:\Windows\system32;C:\Windows;C:\Windows\System32\Wbem;C:\Windows\System32\WindowsPowerShell\v1.0\;C:\Windows\System32\OpenSSH\;C:\Program Files\Git\cmd;C:\Program Files\Maven\apache-maven-3.9.6\bin;C:\Program Files\Artelys\Knitro 14.0.0\lib;C:\Program Files\Artelys\Knitro 14.0.0\knitroampl;C:\Program Files\Ipopt\Ipopt-3.14.16-win64-msvs2019-md\lib;C:\Program Files\Ipopt\Ipopt-3.14.16-win64-msvs2019-md\bin;C:\Users\jarchambault\AppData\Local\Microsoft\WindowsApps;C:\Program Files\JetBrains\IntelliJ IDEA Community Edition 2024.1.1\bin;;C:\Users\jarchambault\AppData\Local\GitHubDesktop\bin;C:\Program Files\GNU Octave\Octave-9.1.0;C:\Users\jarchambault\AppData\Local\Programs\MiKTeX\miktex\bin\x64\;."/>
    <property name="java.vm.info" value="mixed mode, sharing"/>
    <property name="stderr.encoding" value="Cp1252"/>
    <property name="java.vendor" value="Oracle Corporation"/>
    <property name="java.vm.version" value="22.0.1+8-16"/>
    <property name="sun.io.unicode.encoding" value="UnicodeLittle"/>
    <property name="java.class.version" value="66.0"/>
  </properties>
  <testcase name="testWithVoltageControl" classname="AcLoadFlowBatteryTest" time="0.086"/>
  <testcase name="test" classname="AcLoadFlowBatteryTest" time="0.063"/>
</testsuite>